<?xml version="1.0" encoding="UTF-8"?>
<testsuite xmlns:xsi="http://www.w3.org/2001/XMLSchema-instance" xsi:noNamespaceSchemaLocation="https://maven.apache.org/surefire/maven-surefire-plugin/xsd/surefire-test-report-3.0.xsd" version="3.0" name="dev.ricky.movie.MovieApplicationTests" time="4.823" tests="1" errors="0" skipped="0" failures="0">
  <properties>
[...]
</properties>
  <testcase name="contextLoads" classname="dev.ricky.movie.MovieApplicationTests" time="1.053">
    <system-out><![CDATA[22:06:06.784 [main] INFO org.springframework.test.context.support.AnnotationConfigContextLoaderUtils -- Could not detect default configuration classes for test class [dev.ricky.movie.MovieApplicationTests]: MovieApplicationTests does not declare any static, non-private, non-final, nested classes annotated with @Configuration.
22:06:06.918 [main] INFO org.springframework.boot.test.context.SpringBootTestContextBootstrapper -- Found @SpringBootConfiguration dev.ricky.movie.MovieApplication for test class dev.ricky.movie.MovieApplicationTests

  .   ____          _            __ _ _
 /\\ / ___'_ __ _ _(_)_ __  __ _ \ \ \ \
( ( )\___ | '_ | '_| | '_ \/ _` | \ \ \ \
 \\/  ___)| |_)| | | | | || (_| |  ) ) ) )
  '  |____| .__|_| |_|_| |_\__, | / / / /
 =========|_|==============|___/=/_/_/_/
 :: Spring Boot ::                (v3.1.2)

2023-08-21T22:06:07.354+08:00  INFO 53176 --- [           main] m.p.springdotenv.DotenvPropertySource    : Initializing Dotenv with DotenvConfig{directory=null, filename=null, ignoreIfMalformed=false, ignoreIfMissing=true, systemProperties=false, prefix=null}
2023-08-21T22:06:07.367+08:00  INFO 53176 --- [           main] dev.ricky.movie.MovieApplicationTests    : Starting MovieApplicationTests using Java 18.0.1.1 with PID 53176 (started by Ricky in C:\Users\Ricky\Desktop\littleProject\movie-all\movie)
2023-08-21T22:06:07.368+08:00  INFO 53176 --- [           main] dev.ricky.movie.MovieApplicationTests    : No active profile set, falling back to 1 default profile: "default"
2023-08-21T22:06:08.005+08:00  INFO 53176 --- [           main] .s.d.r.c.RepositoryConfigurationDelegate : Bootstrapping Spring Data MongoDB repositories in DEFAULT mode.
2023-08-21T22:06:08.054+08:00  INFO 53176 --- [           main] .s.d.r.c.RepositoryConfigurationDelegate : Finished Spring Data repository scanning in 44 ms. Found 2 MongoDB repository interfaces.
2023-08-21T22:06:08.585+08:00  INFO 53176 --- [           main] org.mongodb.driver.client                : MongoClient with metadata {"driver": {"name": "mongo-java-driver|sync|spring-boot", "version": "4.9.1"}, "os": {"type": "Windows", "name": "Windows 11", "architecture": "amd64", "version": "10.0"}, "platform": "Java/Oracle Corporation/18.0.1.1+2-6"} created with settings MongoClientSettings{readPreference=primary, writeConcern=WriteConcern{w=null, wTimeout=null ms, journal=null}, retryWrites=true, retryReads=true, readConcern=ReadConcern{level=null}, credential=MongoCredential{mechanism=null, userName='ricky052089', source='admin', password=<hidden>, mechanismProperties=<hidden>}, streamFactoryFactory=null, commandListeners=[], codecRegistry=ProvidersCodecRegistry{codecProviders=[ValueCodecProvider{}, BsonValueCodecProvider{}, DBRefCodecProvider{}, DBObjectCodecProvider{}, DocumentCodecProvider{}, CollectionCodecProvider{}, IterableCodecProvider{}, MapCodecProvider{}, GeoJsonCodecProvider{}, GridFSFileCodecProvider{}, Jsr310CodecProvider{}, JsonObjectCodecProvider{}, BsonCodecProvider{}, EnumCodecProvider{}, com.mongodb.client.model.mql.ExpressionCodecProvider@9e54c59, com.mongodb.Jep395RecordCodecProvider@5dbb50f3]}, loggerSettings=LoggerSettings{maxDocumentLength=1000}, clusterSettings={hosts=[127.0.0.1:27017], srvHost=cluster0.yxebcjx.mongodb.net, srvServiceName=mongodb, mode=MULTIPLE, requiredClusterType=REPLICA_SET, requiredReplicaSetName='atlas-hac6eo-shard-0', serverSelector='null', clusterListeners='[]', serverSelectionTimeout='30000 ms', localThreshold='30000 ms'}, socketSettings=SocketSettings{connectTimeoutMS=10000, readTimeoutMS=0, receiveBufferSize=0, sendBufferSize=0}, heartbeatSocketSettings=SocketSettings{connectTimeoutMS=10000, readTimeoutMS=10000, receiveBufferSize=0, sendBufferSize=0}, connectionPoolSettings=ConnectionPoolSettings{maxSize=100, minSize=0, maxWaitTimeMS=120000, maxConnectionLifeTimeMS=0, maxConnectionIdleTimeMS=0, maintenanceInitialDelayMS=0, maintenanceFrequencyMS=60000, connectionPoolListeners=[], maxConnecting=2}, serverSettings=ServerSettings{heartbeatFrequencyMS=10000, minHeartbeatFrequencyMS=500, serverListeners='[]', serverMonitorListeners='[]'}, sslSettings=SslSettings{enabled=true, invalidHostNameAllowed=false, context=null}, applicationName='null', compressorList=[], uuidRepresentation=JAVA_LEGACY, serverApi=null, autoEncryptionSettings=null, contextProvider=null}
2023-08-21T22:06:08.593+08:00  INFO 53176 --- [cjx.mongodb.net] org.mongodb.driver.cluster               : Adding discovered server ac-lumzauz-shard-00-02.yxebcjx.mongodb.net:27017 to client view of cluster
2023-08-21T22:06:08.628+08:00  INFO 53176 --- [cjx.mongodb.net] org.mongodb.driver.cluster               : Adding discovered server ac-lumzauz-shard-00-00.yxebcjx.mongodb.net:27017 to client view of cluster
2023-08-21T22:06:08.629+08:00  INFO 53176 --- [cjx.mongodb.net] org.mongodb.driver.cluster               : Adding discovered server ac-lumzauz-shard-00-01.yxebcjx.mongodb.net:27017 to client view of cluster
2023-08-21T22:06:10.141+08:00  INFO 53176 --- [ngodb.net:27017] org.mongodb.driver.cluster               : Monitor thread successfully connected to server with description ServerDescription{address=ac-lumzauz-shard-00-02.yxebcjx.mongodb.net:27017, type=REPLICA_SET_PRIMARY, state=CONNECTED, ok=true, minWireVersion=0, maxWireVersion=17, maxDocumentSize=16777216, logicalSessionTimeoutMinutes=30, roundTripTimeNanos=908454900, setName='atlas-hac6eo-shard-0', canonicalAddress=ac-lumzauz-shard-00-02.yxebcjx.mongodb.net:27017, hosts=[ac-lumzauz-shard-00-00.yxebcjx.mongodb.net:27017, ac-lumzauz-shard-00-01.yxebcjx.mongodb.net:27017, ac-lumzauz-shard-00-02.yxebcjx.mongodb.net:27017], passives=[], arbiters=[], primary='ac-lumzauz-shard-00-02.yxebcjx.mongodb.net:27017', tagSet=TagSet{[Tag{name='nodeType', value='ELECTABLE'}, Tag{name='provider', value='AWS'}, Tag{name='region', value='US_EAST_1'}, Tag{name='workloadType', value='OPERATIONAL'}]}, electionId=7fffffff000000000000023d, setVersion=7, topologyVersion=TopologyVersion{processId=64e2a8c3540a76fa6c074ff3, counter=6}, lastWriteDate=Mon Aug 21 22:06:10 CST 2023, lastUpdateTimeNanos=230770226695900}
2023-08-21T22:06:10.141+08:00  INFO 53176 --- [ngodb.net:27017] org.mongodb.driver.cluster               : Monitor thread successfully connected to server with description ServerDescription{address=ac-lumzauz-shard-00-00.yxebcjx.mongodb.net:27017, type=REPLICA_SET_SECONDARY, state=CONNECTED, ok=true, minWireVersion=0, maxWireVersion=17, maxDocumentSize=16777216, logicalSessionTimeoutMinutes=30, roundTripTimeNanos=912090200, setName='atlas-hac6eo-shard-0', canonicalAddress=ac-lumzauz-shard-00-00.yxebcjx.mongodb.net:27017, hosts=[ac-lumzauz-shard-00-00.yxebcjx.mongodb.net:27017, ac-lumzauz-shard-00-01.yxebcjx.mongodb.net:27017, ac-lumzauz-shard-00-02.yxebcjx.mongodb.net:27017], passives=[], arbiters=[], primary='ac-lumzauz-shard-00-02.yxebcjx.mongodb.net:27017', tagSet=TagSet{[Tag{name='nodeType', value='ELECTABLE'}, Tag{name='provider', value='AWS'}, Tag{name='region', value='US_EAST_1'}, Tag{name='workloadType', value='OPERATIONAL'}]}, electionId=null, setVersion=7, topologyVersion=TopologyVersion{processId=64e2a7a61d3307a80f1548a4, counter=4}, lastWriteDate=Mon Aug 21 22:06:10 CST 2023, lastUpdateTimeNanos=230770226695800}
2023-08-21T22:06:10.141+08:00  INFO 53176 --- [ngodb.net:27017] org.mongodb.driver.cluster               : Monitor thread successfully connected to server with description ServerDescription{address=ac-lumzauz-shard-00-01.yxebcjx.mongodb.net:27017, type=REPLICA_SET_SECONDARY, state=CONNECTED, ok=true, minWireVersion=0, maxWireVersion=17, maxDocumentSize=16777216, logicalSessionTimeoutMinutes=30, roundTripTimeNanos=912072100, setName='atlas-hac6eo-shard-0', canonicalAddress=ac-lumzauz-shard-00-01.yxebcjx.mongodb.net:27017, hosts=[ac-lumzauz-shard-00-00.yxebcjx.mongodb.net:27017, ac-lumzauz-shard-00-01.yxebcjx.mongodb.net:27017, ac-lumzauz-shard-00-02.yxebcjx.mongodb.net:27017], passives=[], arbiters=[], primary='ac-lumzauz-shard-00-02.yxebcjx.mongodb.net:27017', tagSet=TagSet{[Tag{name='nodeType', value='ELECTABLE'}, Tag{name='provider', value='AWS'}, Tag{name='region', value='US_EAST_1'}, Tag{name='workloadType', value='OPERATIONAL'}]}, electionId=null, setVersion=7, topologyVersion=TopologyVersion{processId=64e2a9b6fd34320330b3fe6a, counter=3}, lastWriteDate=Mon Aug 21 22:06:10 CST 2023, lastUpdateTimeNanos=230770226695800}
2023-08-21T22:06:10.152+08:00  INFO 53176 --- [ngodb.net:27017] org.mongodb.driver.cluster               : Discovered replica set primary ac-lumzauz-shard-00-02.yxebcjx.mongodb.net:27017 with max election id 7fffffff000000000000023d and max set version 7
2023-08-21T22:06:10.324+08:00  INFO 53176 --- [           main] dev.ricky.movie.MovieApplicationTests    : Started MovieApplicationTests in 3.255 seconds (process running for 4.333)
]]></system-out>
  </testcase>
</testsuite>